<?xml version="1.0" encoding="UTF-8"?>
<coverage generated="1665506315876" clover="3.2.0">
  <project timestamp="1665506315876" name="All files">
    <metrics statements="34" coveredstatements="34" conditionals="6" coveredconditionals="6" methods="7" coveredmethods="7" elements="47" coveredelements="47" complexity="0" loc="34" ncloc="34" packages="1" files="5" classes="5"/>
    <file name="add.js" path="/Users/gavillegas/Documents/Practica/Challenge Test/src/add.js">
      <metrics statements="5" coveredstatements="5" conditionals="4" coveredconditionals="4" methods="1" coveredmethods="1"/>
      <line num="1" count="1" type="stmt"/>
      <line num="2" count="3" type="cond" truecount="4" falsecount="0"/>
      <line num="3" count="1" type="stmt"/>
      <line num="5" count="2" type="stmt"/>
      <line num="8" count="1" type="stmt"/>
    </file>
    <file name="binaryToDecimal.js" path="/Users/gavillegas/Documents/Practica/Challenge Test/src/binaryToDecimal.js">
      <metrics statements="9" coveredstatements="9" conditionals="2" coveredconditionals="2" methods="1" coveredmethods="1"/>
      <line num="1" count="1" type="stmt"/>
      <line num="2" count="2" type="cond" truecount="2" falsecount="0"/>
      <line num="3" count="1" type="stmt"/>
      <line num="5" count="1" type="stmt"/>
      <line num="6" count="1" type="stmt"/>
      <line num="7" count="1" type="stmt"/>
      <line num="8" count="3" type="stmt"/>
      <line num="10" count="1" type="stmt"/>
      <line num="13" count="1" type="stmt"/>
    </file>
    <file name="fetchApi.js" path="/Users/gavillegas/Documents/Practica/Challenge Test/src/fetchApi.js">
      <metrics statements="8" coveredstatements="8" conditionals="0" coveredconditionals="0" methods="1" coveredmethods="1"/>
      <line num="1" count="1" type="stmt"/>
      <line num="3" count="1" type="stmt"/>
      <line num="4" count="2" type="stmt"/>
      <line num="5" count="2" type="stmt"/>
      <line num="6" count="1" type="stmt"/>
      <line num="8" count="1" type="stmt"/>
      <line num="9" count="1" type="stmt"/>
      <line num="13" count="1" type="stmt"/>
    </file>
    <file name="getDataAsyncAwait.js" path="/Users/gavillegas/Documents/Practica/Challenge Test/src/getDataAsyncAwait.js">
      <metrics statements="6" coveredstatements="6" conditionals="0" coveredconditionals="0" methods="1" coveredmethods="1"/>
      <line num="1" count="1" type="stmt"/>
      <line num="2" count="1" type="stmt"/>
      <line num="3" count="2" type="stmt"/>
      <line num="4" count="2" type="stmt"/>
      <line num="6" count="1" type="stmt"/>
      <line num="10" count="1" type="stmt"/>
    </file>
    <file name="getDataPromise.js" path="/Users/gavillegas/Documents/Practica/Challenge Test/src/getDataPromise.js">
      <metrics statements="6" coveredstatements="6" conditionals="0" coveredconditionals="0" methods="3" coveredmethods="3"/>
      <line num="1" count="1" type="stmt"/>
      <line num="2" count="1" type="stmt"/>
      <line num="3" count="2" type="stmt"/>
      <line num="5" count="1" type="stmt"/>
      <line num="7" count="1" type="stmt"/>
      <line num="11" count="1" type="stmt"/>
    </file>
  </project>
</coverage>
